[10/20/2023 02:57:58 - root:100]: Using model: data_bert-base-multilingual-cased_crf_crf_run/embe_1
[10/20/2023 02:57:59 - data_utils.create_dataset:79]: Convert pair number: 632
[10/20/2023 02:57:59 - data_utils.create_dataset:80]: Label_col number: 630
[10/20/2023 02:57:59 - data_utils.create_dataset:79]: Convert pair number: 110
[10/20/2023 02:57:59 - data_utils.create_dataset:80]: Label_col number: 110
[10/20/2023 02:58:00 - data_utils.create_dataset:79]: Convert pair number: 347
[10/20/2023 02:58:00 - data_utils.create_dataset:80]: Label_col number: 346
[10/20/2023 02:58:00 - root:108]: =======================CREATE DATA LOADER==========================
[10/20/2023 02:58:00 - root:109]: Train dataset input ids shape: (1410, 115)
[10/20/2023 02:58:00 - data_utils.data_loader_utils:45]: train data loader size: 1410 
[10/20/2023 02:58:00 - data_utils.data_loader_utils:45]: dev data loader size: 259 
[10/20/2023 02:58:00 - data_utils.data_loader_utils:45]: test data loader size: 715 
[10/20/2023 02:58:00 - root:117]: %%%%%%%%%%%%%%%%%%%%%%%%%%%%%%FIRST STAGE RUNNING%%%%%%%%%%%%%%%%%%%%%%%%%%%%%%
[10/20/2023 02:58:00 - eval_utils.base_eval:141]: Element dictionary: {'result': [(8, 14)], 'subject': [(1, 8)], 'object': [(14, 17)], 'aspect': [(18, 19)]}
[10/20/2023 02:58:00 - eval_utils.base_eval:141]: Element dictionary: {'result': [], 'subject': [], 'object': [], 'aspect': []}
[10/20/2023 02:58:00 - eval_utils.base_eval:141]: Element dictionary: {'result': [], 'subject': [], 'object': [], 'aspect': []}
[10/20/2023 02:58:00 - eval_utils.base_eval:141]: Element dictionary: {'result': [], 'subject': [], 'object': [], 'aspect': []}
[10/20/2023 02:58:00 - eval_utils.base_eval:141]: Element dictionary: {'result': [], 'subject': [], 'object': [], 'aspect': []}
[10/20/2023 02:58:00 - eval_utils.base_eval:141]: Element dictionary: {'result': [], 'subject': [], 'object': [], 'aspect': []}
[10/20/2023 02:58:00 - eval_utils.base_eval:141]: Element dictionary: {'result': [(9, 12)], 'subject': [(25, 26)], 'object': [(13, 24)], 'aspect': [(6, 9)]}
[10/20/2023 02:58:00 - eval_utils.base_eval:141]: Element dictionary: {'result': [], 'subject': [], 'object': [], 'aspect': []}
[10/20/2023 02:58:00 - eval_utils.base_eval:141]: Element dictionary: {'result': [], 'subject': [], 'object': [], 'aspect': []}
[10/20/2023 02:58:00 - eval_utils.base_eval:141]: Element dictionary: {'result': [], 'subject': [], 'object': [], 'aspect': []}
[10/20/2023 02:58:03 - train_test_utils:223]: ===============TRAIN FIRST STAGE==================
